=== fintech News Daily: 2026-04-28 08:33:05 ===
All 7 steps complete. Today's fintech news (2026-04-28) is live at `https://leoheo.github.io/ai-news/fintech/`.

**Summary of today's 10 articles (curated from April 21–28, 2026):**

| 카테고리 | 기사 | 평점 |
|---|---|---|
| **Payments** | FedNow 네트워크 인텔리전스 API 출시 (Apr 27) | ★★★ |
| **Payments** | Adyen, Talon.One €750M 인수 (Apr 24) | ★★★ |
| **Payments** | Airwallex 글로벌 POS 출시 (Apr 15) | ★★ |
| **Remittance** | Qivalis 유로 스테이블코인 (12개 유럽 은행, Apr 21) | ★★★ |
| **Digital Banking** | LendingClub → Happen Bank 리브랜딩 (Apr 22) | ★★★ |
| **Lending** | BNPL 사기율 신용카드 6배 (Apr 21) | ★★ |
| **Regulation** | PACE Act: 핀테크 Fed 결제망 접근 법안 (Apr 21) | ★★★ |
| **Investment** | 핀테크 M&A 대폭발 (6개사 동시다발, Apr 27) | ★★★ |
| **Investment** | Nykredit, BEC 완전 인수 (Apr 24) | ★★ |
| **Investment** | 인도 핀테크 Q1 투자 59% 급증 (Apr 20) | ★★ |

Sources:
- [Fintech Global - FedNow API](https://fintech.global/2026/04/27/fednow-api-gives-banks-real-time-pre-payment-risk-data/)
- [The Paypers - Adyen/Talon.One](https://thepaypers.com/mergers-aquisitions-and-investments/news/adyen-acquires-loyalty-and-incentives-platform-talonone-for-eur-750-mln)
- [PYMNTS - FinTech Land Grab](https://www.pymnts.com/acquisitions/2026/fintech-land-grab-intensifies-as-deal-making-rewires-platforms/)
- [CoinDesk - Qivalis Euro Stablecoin](https://www.coindesk.com/business/2026/04/21/crypto-custody-firm-fireblocks-powers-bank-backed-euro-stablecoin)
- [PYMNTS - Happen Bank](https://www.pymnts.com/news/digital-banking/2026/lendingclub-signals-expanded-capabilities-with-happen-bank-rebrand/)
- [Banking Dive - PACE Act](https://www.bankingdive.com/news/fintechs-push-bill-fed-payment-rail-access/818084/)
- [TechCrunch - Airwallex POS](https://techcrunch.com/2026/04/15/airwallex-is-about-to-take-on-stripe-and-the-rest-of-the-payments-industry-in-the-physical-world/)
- [IBS Intelligence - Nykredit/BEC](https://ibsintelligence.com/ibsi-news/nykredit-agrees-bec-buyout-to-scale-banktech-services/)
- [Fintech Global - India Q1](https://fintech.global/2026/04/20/indian-fintech-funding-increased-by-59-yoy-as-investors-loosened-purse-strings-in-q1-2/)
- [Morningstar - BNPL Fraud](https://www.morningstar.com/news/business-wire/20260421248301/fingerprint-releases-new-analysis-on-neobanks-bnpl-and-fraud)
=== Completed: 08:48:34 ===
